#
# There is insufficient memory for the Java Runtime Environment to continue.
# Native memory allocation (mmap) failed to map 534773760 bytes for Failed to commit area from 0x0000000602400000 to 0x0000000622200000 of length 534773760.
# Possible reasons:
#   The system is out of physical RAM or swap space
#   The process is running with CompressedOops enabled, and the Java Heap may be blocking the growth of the native heap
# Possible solutions:
#   Reduce memory load on the system
#   Increase physical memory or swap space
#   Check if swap backing store is full
#   Decrease Java heap size (-Xmx/-Xms)
#   Decrease number of Java threads
#   Decrease Java thread stack sizes (-Xss)
#   Set larger code cache with -XX:ReservedCodeCacheSize=
# This output file may be truncated or incomplete.
#
#  Out of Memory Error (./open/src/hotspot/os/windows/os_windows.cpp:3273), pid=34888, tid=19120
#
# JRE version:  (11.0.12+8) (build )
# Java VM: Java HotSpot(TM) 64-Bit Server VM (11.0.12+8-LTS-237, mixed mode, sharing, tiered, compressed oops, g1 gc, windows-amd64)
# No core dump will be written. Minidumps are not enabled by default on client versions of Windows
#

---------------  S U M M A R Y ------------

Command Line: -javaagent:D:\IntelliJ IDEA EU\lib\idea_rt.jar=16931:D:\IntelliJ IDEA EU\bin -Dfile.encoding=UTF-8 com.shop.util.DBUtil

Host: AMD Ryzen 7 5800H with Radeon Graphics         , 16 cores, 31G,  Windows 10 , 64 bit Build 19041 (10.0.19041.2546)
Time: Wed Feb  8 20:17:21 2023 中国标准时间 elapsed time: 0.026922 seconds (0d 0h 0m 0s)

---------------  T H R E A D  ---------------

Current thread (0x0000021e1e3f5000):  JavaThread "Unknown thread" [_thread_in_vm, id=19120, stack(0x000000c32ab00000,0x000000c32ac00000)]

Stack: [0x000000c32ab00000,0x000000c32ac00000]
Native frames: (J=compiled Java code, j=interpreted, Vv=VM code, C=native code)
V  [jvm.dll+0x617d9a]
V  [jvm.dll+0x74eeef]
V  [jvm.dll+0x750599]
V  [jvm.dll+0x750c23]
V  [jvm.dll+0x2438d8]
V  [jvm.dll+0x61518a]
V  [jvm.dll+0x609f45]
V  [jvm.dll+0x2f85cc]
V  [jvm.dll+0x2f8452]
V  [jvm.dll+0x2fd106]
V  [jvm.dll+0x33f6ef]
V  [jvm.dll+0x33f120]
V  [jvm.dll+0x2d5ca8]
V  [jvm.dll+0x2d6e06]
V  [jvm.dll+0x72a977]
V  [jvm.dll+0x72c21f]
V  [jvm.dll+0x34c469]
V  [jvm.dll+0x710400]
V  [jvm.dll+0x3b5baf]
V  [jvm.dll+0x3b7cb1]
C  [jli.dll+0x520b]
C  [ucrtbase.dll+0x21bb2]
C  [KERNEL32.DLL+0x17614]
C  [ntdll.dll+0x526a1]


---------------  P R O C E S S  ---------------

Threads class SMR info:
_java_thread_list=0x0000021e1c242250, length=0, elements={
}

Java Threads: ( => current thread )

Other Threads:
  0x0000021e1e40c000 GCTaskThread "GC Thread#0" [stack: 0x000000c32ac00000,0x000000c32ad00000] [id=35376]
  0x0000021e1e48f800 ConcurrentGCThread "G1 Main Marker" [stack: 0x000000c32ad00000,0x000000c32ae00000] [id=17732]
  0x0000021e1e490800 ConcurrentGCThread "G1 Conc#0" [stack: 0x000000c32ae00000,0x000000c32af00000] [id=37720]

[error occurred during error reporting (printing all threads), id 0xc0000005, EXCEPTION_ACCESS_VIOLATION (0xc0000005) at pc=0x00007ff8a5144f37]

VM state:not at safepoint (not fully initialized)

VM Mutex/Monitor currently owned by a thread:  ([mutex/lock_event])
[0x0000021e1e3f0d30] Heap_lock - owner thread: 0x0000021e1e3f5000

Heap address: 0x0000000602400000, size: 8156 MB, Compressed Oops mode: Non-zero based: 0x0000000602400000
Narrow klass base: 0x0000000000000000, Narrow klass shift: 0

GC Heap History (0 events):
No events

Deoptimization events (0 events):
No events

Classes redefined (0 events):
No events

Internal exceptions (0 events):
No events

Events (0 events):
No events


Dynamic libraries:
0x00007ff731c50000 - 0x00007ff731c5f000 	C:\Program Files\Java\jdk-11.0.12\bin\java.exe
0x00007ff979b70000 - 0x00007ff979d68000 	C:\Windows\SYSTEM32\ntdll.dll
0x00007ff979100000 - 0x00007ff9791bf000 	C:\Windows\System32\KERNEL32.DLL
0x00007ff977870000 - 0x00007ff977b42000 	C:\Windows\System32\KERNELBASE.dll
0x00007ff977610000 - 0x00007ff977710000 	C:\Windows\System32\ucrtbase.dll
0x00007ff966260000 - 0x00007ff966278000 	C:\Program Files\Java\jdk-11.0.12\bin\jli.dll
0x00007ff966240000 - 0x00007ff966255000 	C:\Program Files\Java\jdk-11.0.12\bin\VCRUNTIME140.dll
0x00007ff977ca0000 - 0x00007ff977d4e000 	C:\Windows\System32\ADVAPI32.dll
0x00007ff978090000 - 0x00007ff97812e000 	C:\Windows\System32\msvcrt.dll
0x00007ff978280000 - 0x00007ff97831c000 	C:\Windows\System32\sechost.dll
0x00007ff977d50000 - 0x00007ff977e75000 	C:\Windows\System32\RPCRT4.dll
0x00007ff978cb0000 - 0x00007ff978e51000 	C:\Windows\System32\USER32.dll
0x00007ff977b80000 - 0x00007ff977ba2000 	C:\Windows\System32\win32u.dll
0x00007ff979b00000 - 0x00007ff979b2b000 	C:\Windows\System32\GDI32.dll
0x00007ff977300000 - 0x00007ff97740f000 	C:\Windows\System32\gdi32full.dll
0x00007ff976660000 - 0x00007ff9768fa000 	C:\Windows\WinSxS\amd64_microsoft.windows.common-controls_6595b64144ccf1df_6.0.19041.1110_none_60b5254171f9507e\COMCTL32.dll
0x00007ff977260000 - 0x00007ff9772fd000 	C:\Windows\System32\msvcp_win.dll
0x00007ff96f6c0000 - 0x00007ff96f6ca000 	C:\Windows\SYSTEM32\VERSION.dll
0x00007ff978140000 - 0x00007ff978172000 	C:\Windows\System32\IMM32.DLL
0x00007ff925520000 - 0x00007ff9255bb000 	C:\Program Files\Java\jdk-11.0.12\bin\msvcp140.dll
0x00007ff8a4e60000 - 0x00007ff8a595f000 	C:\Program Files\Java\jdk-11.0.12\bin\server\jvm.dll
0x00007ff978130000 - 0x00007ff978138000 	C:\Windows\System32\PSAPI.DLL
0x00007ff95c8c0000 - 0x00007ff95c8c9000 	C:\Windows\SYSTEM32\WSOCK32.dll
0x00007ff96cc70000 - 0x00007ff96cc97000 	C:\Windows\SYSTEM32\WINMM.dll
0x00007ff978b80000 - 0x00007ff978beb000 	C:\Windows\System32\WS2_32.dll
0x00007ff974ab0000 - 0x00007ff974ac2000 	C:\Windows\SYSTEM32\kernel.appcore.dll
0x00007ff971a30000 - 0x00007ff971a40000 	C:\Program Files\Java\jdk-11.0.12\bin\verify.dll
0x00007ff976c90000 - 0x00007ff976e74000 	C:\Windows\SYSTEM32\DBGHELP.DLL
0x00007ff976a30000 - 0x00007ff976a65000 	C:\Windows\SYSTEM32\dbgcore.DLL
0x00007ff977460000 - 0x00007ff9774e2000 	C:\Windows\System32\bcryptPrimitives.dll
0x00007ff966210000 - 0x00007ff966238000 	C:\Program Files\Java\jdk-11.0.12\bin\java.dll
0x00007ff966200000 - 0x00007ff96620a000 	C:\Program Files\Java\jdk-11.0.12\bin\jimage.dll
0x00007ff972350000 - 0x00007ff97235e000 	C:\Program Files\Java\jdk-11.0.12\bin\instrument.dll
0x00007ff965a30000 - 0x00007ff965a46000 	C:\Program Files\Java\jdk-11.0.12\bin\zip.dll

dbghelp: loaded successfully - version: 4.0.5 - missing functions: none
symbol engine: initialized successfully - sym options: 0x614 - pdb path: .;C:\Program Files\Java\jdk-11.0.12\bin;C:\Windows\SYSTEM32;C:\Windows\WinSxS\amd64_microsoft.windows.common-controls_6595b64144ccf1df_6.0.19041.1110_none_60b5254171f9507e;C:\Program Files\Java\jdk-11.0.12\bin\server

VM Arguments:
jvm_args: -javaagent:D:\IntelliJ IDEA EU\lib\idea_rt.jar=16931:D:\IntelliJ IDEA EU\bin -Dfile.encoding=UTF-8 
java_command: com.shop.util.DBUtil
java_class_path (initial): C:\Users\Lenovo\IdeaProjects\Mshop\out\production\Mshop;C:\Users\Lenovo\IdeaProjects\Mshop\web\WEB-INF\lib\jstl-1.2.jar;C:\Users\Lenovo\IdeaProjects\Mshop\web\WEB-INF\lib\c3p0-0.9.5.2.jar;C:\Users\Lenovo\IdeaProjects\Mshop\web\WEB-INF\lib\commons-beanutils-1.9.3.jar;C:\Users\Lenovo\IdeaProjects\Mshop\web\WEB-INF\lib\commons-dbutils-1.7.jar;C:\Users\Lenovo\IdeaProjects\Mshop\web\WEB-INF\lib\commons-fileupload-1.3.3.jar;C:\Users\Lenovo\IdeaProjects\Mshop\web\WEB-INF\lib\commons-io-2.6.jar;C:\Users\Lenovo\IdeaProjects\Mshop\web\WEB-INF\lib\commons-logging-1.2.jar;C:\Users\Lenovo\IdeaProjects\Mshop\web\WEB-INF\lib\hamcrest-core-1.3.jar;C:\Users\Lenovo\IdeaProjects\Mshop\web\WEB-INF\lib\junit-4.13.1.jar;C:\Users\Lenovo\IdeaProjects\Mshop\web\WEB-INF\lib\mchange-commons-java-0.2.11.jar;C:\Users\Lenovo\IdeaProjects\Mshop\web\WEB-INF\lib\mysql-connector-java-8.0.30.jar;C:\Users\Lenovo\IdeaProjects\Mshop\web\WEB-INF\lib\taglibs-standard-jstlel-1.2.5.jar
Launcher Type: SUN_STANDARD

[Global flags]
     intx CICompilerCount                          = 12                                        {product} {ergonomic}
     uint ConcGCThreads                            = 3                                         {product} {ergonomic}
     uint G1ConcRefinementThreads                  = 13                                        {product} {ergonomic}
   size_t G1HeapRegionSize                         = 2097152                                   {product} {ergonomic}
    uintx GCDrainStackTargetSize                   = 64                                        {product} {ergonomic}
   size_t InitialHeapSize                          = 534773760                                 {product} {ergonomic}
   size_t MarkStackSize                            = 4194304                                   {product} {ergonomic}
   size_t MaxHeapSize                              = 8552185856                                {product} {ergonomic}
   size_t MinHeapDeltaBytes                        = 2097152                                   {product} {ergonomic}
    uintx NonNMethodCodeHeapSize                   = 7594288                                {pd product} {ergonomic}
    uintx NonProfiledCodeHeapSize                  = 122031976                              {pd product} {ergonomic}
    uintx ProfiledCodeHeapSize                     = 122031976                              {pd product} {ergonomic}
    uintx ReservedCodeCacheSize                    = 251658240                              {pd product} {ergonomic}
     bool SegmentedCodeCache                       = true                                      {product} {ergonomic}
     bool UseCompressedClassPointers               = true                                 {lp64_product} {ergonomic}
     bool UseCompressedOops                        = true                                 {lp64_product} {ergonomic}
     bool UseG1GC                                  = true                                      {product} {ergonomic}
     bool UseLargePagesIndividualAllocation        = false                                  {pd product} {ergonomic}

Logging:
Log output configuration:
 #0: stdout all=warning uptime,level,tags
 #1: stderr all=off uptime,level,tags

Environment Variables:
JAVA_HOME=C:\Program Files\Java\jdk1.8.0_341\
CLASSPATH=.;C:\Program Files\Java\jdk1.8.0_341\\lib\dt.jar;C:\Program Files\Java\jdk1.8.0_341\\lib\tools.jar
PATH=C:\Program Files (x86)\VMware\VMware Workstation\bin\;C:\Program Files\NVIDIA GPU Computing Toolkit\CUDA\v11.8\bin;C:\Program Files\NVIDIA GPU Computing Toolkit\CUDA\v11.8\libnvvp;C:\Program Files\Common Files\Oracle\Java\javapath;C:\Program Files (x86)\Common Files\Oracle\Java\javapath;C:\Windows\system32;C:\Windows;C:\Windows\System32\Wbem;C:\Windows\System32\WindowsPowerShell\v1.0\;C:\Windows\System32\OpenSSH\;C:\Program Files (x86)\NVIDIA Corporation\PhysX\Common;C:\Program Files\NVIDIA Corporation\NVIDIA NvDLISR;D:\Xshell 7\;C:\Program Files\Git\cmd;C:\Program Files\dotnet\;C:\Program Files\MySQL\MySQL Server 8.0\bin;D:\LoadRunner\bin\Silk\Silk Performer 21.0;C:\strawberry\c\bin;C:\strawberry\perl\bin;"C:\Strawberry\perl\site\bin;";D:\Python\chromedriver.exe;D:\Xftp\;C:\Program Files\Java\jdk1.8.0_341\bin;C:\Program Files\NVIDIA Corporation\Nsight Compute 2022.3.0\;D:\node.js\;C:\ProgramData\chocolatey\bin;D:\apache-maven-3.8.6\bin;C:\Program Files (x86)\ZeroTier\One\;D:\Python\Scripts;D:\FFmpeg\bin;D:\Python\Scripts\;D:\Python\;C:\Users\Lenovo\AppData\Local\Microsoft\WindowsApps;C:\Program Files\Java\jdk1.8.0_341\\bin;C:\Program Files\Java\jdk1.8.0_341\\bin;D:\PyCharm Community Edition 2021.2.2\bin;;D:\CLion 2021.2.2\bin;;D:\WebStorm 2021.2.2\bin;;D:\IntelliJ IDEA\IntelliJ IDEA Community Edition 2021.2.3\bin;;D:\QQ游戏大厅\QQGameTempest\Hall.57734\;D:\IntelliJ IDEA EU\bin;;C:\Users\Lenovo\AppData\Roaming\npm;C:\Users\Lenovo\AppData\Local\Programs\Microsoft VS Code\bin
USERNAME=Lenovo
OS=Windows_NT
PROCESSOR_IDENTIFIER=AMD64 Family 25 Model 80 Stepping 0, AuthenticAMD



---------------  S Y S T E M  ---------------

OS: Windows 10 , 64 bit Build 19041 (10.0.19041.2546)

CPU:total 16 (initial active 16) (16 cores per cpu, 2 threads per core) family 25 model 80 stepping 0 microcode 0x0, cmov, cx8, fxsr, mmx, sse, sse2, sse3, ssse3, sse4.1, sse4.2, popcnt, avx, avx2, aes, clmul, erms, mmxext, 3dnowpref, lzcnt, sse4a, ht, tsc, tscinvbit, tscinv, bmi1, bmi2,

Memory: 4k page, system-wide physical 32620M (13306M free)
TotalPageFile size 68077M (AvailPageFile size 269M)
current process WorkingSet (physical memory assigned to process): 11M, peak: 11M
current process commit charge ("private bytes"): 71M, peak: 581M

vm_info: Java HotSpot(TM) 64-Bit Server VM (11.0.12+8-LTS-237) for windows-amd64 JRE (11.0.12+8-LTS-237), built on Jun  8 2021 11:25:59 by "mach5one" with MS VC++ 15.9 (VS2017)

END.
